2020-09-21 12:31:45,318 [main] INFO  org.mule.munit.remote.RemoteRunner - Run Started
2020-09-21 12:31:45,805 [main] INFO  org.mule.maven.client.internal.AetherMavenClient - About to fetch required dependencies for artifact: com.mulesoft.mule.distributions:mule-runtime-impl-bom:pom:4.1.5. This may take a while...
2020-09-21 12:31:46,924 [main] INFO  org.mule.maven.client.internal.AetherMavenClient - About to fetch required dependencies for artifact: org.mule.distributions:mule-module-embedded-impl-bom:pom:4.1.5. This may take a while...
2020-09-21 12:31:47,110 [main] INFO  org.mule.maven.client.internal.AetherMavenClient - About to fetch required dependencies for artifact: com.mulesoft.mule.distributions:mule-runtime-impl-bom:pom:4.1.5. This may take a while...
2020-09-21 12:31:53,467 [main] INFO  org.mule.munit.remote.coverage.CoverageManager - Starting coverage server
2020-09-21 12:31:53,468 [Thread-2] INFO  org.mule.munit.plugins.coverage.server.CoverageServer - Coverage Server starting...
2020-09-21 12:31:53,468 [Thread-2] INFO  org.mule.munit.plugins.coverage.server.CoverageServer - Waiting for coverage client connection in port [50019]...
2020-09-21 12:32:31,393 [Thread-2] INFO  org.mule.munit.plugins.coverage.server.CoverageServer - Coverage client connection received from localhost - true
2020-09-21 12:32:31,402 [Thread-2] INFO  org.mule.munit.remote.coverage.CoverageManager - accumulating covered locations
2020-09-21 12:32:31,404 [Thread-2] INFO  org.mule.munit.plugins.coverage.server.CoverageServer - Coverage client connection received from localhost - true
2020-09-21 12:32:31,404 [Thread-2] INFO  org.mule.munit.remote.coverage.CoverageManager - accumulating covered locations
2020-09-21 12:32:33,497 [main] INFO  org.mule.munit.remote.coverage.CoverageManager - Shutting down coverage server
2020-09-21 12:32:33,497 [main] INFO  org.mule.munit.remote.coverage.CoverageManager - Calculating application coverage
2020-09-21 12:32:33,518 [main] INFO  org.mule.munit.remote.RemoteRunner - Done
2020-09-21 13:58:27,432 [main] INFO  org.mule.munit.remote.RemoteRunner - Run Started
2020-09-21 13:58:27,815 [main] INFO  org.mule.maven.client.internal.AetherMavenClient - About to fetch required dependencies for artifact: com.mulesoft.mule.distributions:mule-runtime-impl-bom:pom:4.1.5. This may take a while...
2020-09-21 13:58:28,868 [main] INFO  org.mule.maven.client.internal.AetherMavenClient - About to fetch required dependencies for artifact: org.mule.distributions:mule-module-embedded-impl-bom:pom:4.1.5. This may take a while...
2020-09-21 13:58:29,054 [main] INFO  org.mule.maven.client.internal.AetherMavenClient - About to fetch required dependencies for artifact: com.mulesoft.mule.distributions:mule-runtime-impl-bom:pom:4.1.5. This may take a while...
2020-09-21 13:58:35,018 [main] INFO  org.mule.munit.remote.coverage.CoverageManager - Starting coverage server
2020-09-21 13:58:35,020 [Thread-2] INFO  org.mule.munit.plugins.coverage.server.CoverageServer - Coverage Server starting...
2020-09-21 13:58:35,020 [Thread-2] INFO  org.mule.munit.plugins.coverage.server.CoverageServer - Waiting for coverage client connection in port [50249]...
2020-09-21 13:58:36,630 [main] INFO  org.mule.munit.remote.coverage.CoverageManager - Shutting down coverage server
2020-09-21 13:58:36,630 [main] INFO  org.mule.munit.remote.coverage.CoverageManager - Calculating application coverage
2020-09-21 13:58:36,638 [main] INFO  org.mule.munit.remote.RemoteRunner - Done
2020-09-21 14:25:54,680 [main] INFO  org.mule.munit.remote.RemoteRunner - Run Started
2020-09-21 14:25:55,068 [main] INFO  org.mule.maven.client.internal.AetherMavenClient - About to fetch required dependencies for artifact: com.mulesoft.mule.distributions:mule-runtime-impl-bom:pom:4.1.5. This may take a while...
2020-09-21 14:25:56,053 [main] INFO  org.mule.maven.client.internal.AetherMavenClient - About to fetch required dependencies for artifact: org.mule.distributions:mule-module-embedded-impl-bom:pom:4.1.5. This may take a while...
2020-09-21 14:25:56,223 [main] INFO  org.mule.maven.client.internal.AetherMavenClient - About to fetch required dependencies for artifact: com.mulesoft.mule.distributions:mule-runtime-impl-bom:pom:4.1.5. This may take a while...
2020-09-21 14:26:02,323 [main] INFO  org.mule.munit.remote.coverage.CoverageManager - Starting coverage server
2020-09-21 14:26:02,324 [Thread-2] INFO  org.mule.munit.plugins.coverage.server.CoverageServer - Coverage Server starting...
2020-09-21 14:26:02,324 [Thread-2] INFO  org.mule.munit.plugins.coverage.server.CoverageServer - Waiting for coverage client connection in port [50201]...
2020-09-21 14:26:08,451 [Thread-2] INFO  org.mule.munit.plugins.coverage.server.CoverageServer - Coverage client connection received from localhost - true
2020-09-21 14:26:08,456 [Thread-2] INFO  org.mule.munit.remote.coverage.CoverageManager - accumulating covered locations
2020-09-21 14:26:08,457 [Thread-2] INFO  org.mule.munit.plugins.coverage.server.CoverageServer - Coverage client connection received from localhost - true
2020-09-21 14:26:08,459 [Thread-2] INFO  org.mule.munit.remote.coverage.CoverageManager - accumulating covered locations
2020-09-21 14:26:10,210 [main] INFO  org.mule.munit.remote.coverage.CoverageManager - Shutting down coverage server
2020-09-21 14:26:10,211 [main] INFO  org.mule.munit.remote.coverage.CoverageManager - Calculating application coverage
2020-09-21 14:26:10,223 [main] INFO  org.mule.munit.remote.RemoteRunner - Done
2020-09-21 14:26:46,600 [main] INFO  org.mule.munit.remote.RemoteRunner - Run Started
2020-09-21 14:26:46,977 [main] INFO  org.mule.maven.client.internal.AetherMavenClient - About to fetch required dependencies for artifact: com.mulesoft.mule.distributions:mule-runtime-impl-bom:pom:4.1.5. This may take a while...
2020-09-21 14:26:47,659 [main] INFO  org.mule.maven.client.internal.AetherMavenClient - About to fetch required dependencies for artifact: org.mule.distributions:mule-module-embedded-impl-bom:pom:4.1.5. This may take a while...
2020-09-21 14:26:47,789 [main] INFO  org.mule.maven.client.internal.AetherMavenClient - About to fetch required dependencies for artifact: com.mulesoft.mule.distributions:mule-runtime-impl-bom:pom:4.1.5. This may take a while...
2020-09-21 14:26:52,655 [main] INFO  org.mule.munit.remote.coverage.CoverageManager - Starting coverage server
2020-09-21 14:26:52,655 [Thread-2] INFO  org.mule.munit.plugins.coverage.server.CoverageServer - Coverage Server starting...
2020-09-21 14:26:52,655 [Thread-2] INFO  org.mule.munit.plugins.coverage.server.CoverageServer - Waiting for coverage client connection in port [50333]...
2020-09-21 14:26:58,604 [Thread-2] INFO  org.mule.munit.plugins.coverage.server.CoverageServer - Coverage client connection received from localhost - true
2020-09-21 14:26:58,608 [Thread-2] INFO  org.mule.munit.remote.coverage.CoverageManager - accumulating covered locations
2020-09-21 14:26:58,609 [Thread-2] INFO  org.mule.munit.plugins.coverage.server.CoverageServer - Coverage client connection received from localhost - true
2020-09-21 14:26:58,612 [Thread-2] INFO  org.mule.munit.remote.coverage.CoverageManager - accumulating covered locations
2020-09-21 14:27:00,453 [main] INFO  org.mule.munit.remote.coverage.CoverageManager - Shutting down coverage server
2020-09-21 14:27:00,454 [main] INFO  org.mule.munit.remote.coverage.CoverageManager - Calculating application coverage
2020-09-21 14:27:00,466 [main] INFO  org.mule.munit.remote.RemoteRunner - Done
2020-09-21 14:31:54,489 [main] INFO  org.mule.munit.remote.RemoteRunner - Run Started
2020-09-21 14:31:54,877 [main] INFO  org.mule.maven.client.internal.AetherMavenClient - About to fetch required dependencies for artifact: com.mulesoft.mule.distributions:mule-runtime-impl-bom:pom:4.1.5. This may take a while...
2020-09-21 14:31:55,563 [main] INFO  org.mule.maven.client.internal.AetherMavenClient - About to fetch required dependencies for artifact: org.mule.distributions:mule-module-embedded-impl-bom:pom:4.1.5. This may take a while...
2020-09-21 14:31:55,712 [main] INFO  org.mule.maven.client.internal.AetherMavenClient - About to fetch required dependencies for artifact: com.mulesoft.mule.distributions:mule-runtime-impl-bom:pom:4.1.5. This may take a while...
2020-09-21 14:32:01,204 [main] INFO  org.mule.munit.remote.coverage.CoverageManager - Starting coverage server
2020-09-21 14:32:01,204 [Thread-2] INFO  org.mule.munit.plugins.coverage.server.CoverageServer - Coverage Server starting...
2020-09-21 14:32:01,205 [Thread-2] INFO  org.mule.munit.plugins.coverage.server.CoverageServer - Waiting for coverage client connection in port [50193]...
2020-09-21 14:32:07,242 [Thread-2] INFO  org.mule.munit.plugins.coverage.server.CoverageServer - Coverage client connection received from localhost - true
2020-09-21 14:32:07,249 [Thread-2] INFO  org.mule.munit.remote.coverage.CoverageManager - accumulating covered locations
2020-09-21 14:32:07,250 [Thread-2] INFO  org.mule.munit.plugins.coverage.server.CoverageServer - Coverage client connection received from localhost - true
2020-09-21 14:32:07,253 [Thread-2] INFO  org.mule.munit.remote.coverage.CoverageManager - accumulating covered locations
2020-09-21 14:32:09,528 [main] INFO  org.mule.munit.remote.coverage.CoverageManager - Shutting down coverage server
2020-09-21 14:32:09,528 [main] INFO  org.mule.munit.remote.coverage.CoverageManager - Calculating application coverage
2020-09-21 14:32:09,541 [main] INFO  org.mule.munit.remote.RemoteRunner - Done
2020-09-22 09:13:20,870 [main] INFO  org.mule.munit.remote.RemoteRunner - Run Started
2020-09-22 09:13:21,335 [main] INFO  org.mule.maven.client.internal.AetherMavenClient - About to fetch required dependencies for artifact: com.mulesoft.mule.distributions:mule-runtime-impl-bom:pom:4.1.5. This may take a while...
2020-09-22 09:13:22,432 [main] INFO  org.mule.maven.client.internal.AetherMavenClient - About to fetch required dependencies for artifact: org.mule.distributions:mule-module-embedded-impl-bom:pom:4.1.5. This may take a while...
2020-09-22 09:13:22,609 [main] INFO  org.mule.maven.client.internal.AetherMavenClient - About to fetch required dependencies for artifact: com.mulesoft.mule.distributions:mule-runtime-impl-bom:pom:4.1.5. This may take a while...
2020-09-22 09:13:28,697 [main] INFO  org.mule.munit.remote.coverage.CoverageManager - Starting coverage server
2020-09-22 09:13:28,698 [Thread-2] INFO  org.mule.munit.plugins.coverage.server.CoverageServer - Coverage Server starting...
2020-09-22 09:13:28,698 [Thread-2] INFO  org.mule.munit.plugins.coverage.server.CoverageServer - Waiting for coverage client connection in port [50090]...
2020-09-22 09:13:38,248 [Thread-2] INFO  org.mule.munit.plugins.coverage.server.CoverageServer - Coverage client connection received from localhost - true
2020-09-22 09:13:38,257 [Thread-2] INFO  org.mule.munit.remote.coverage.CoverageManager - accumulating covered locations
2020-09-22 09:13:38,258 [Thread-2] INFO  org.mule.munit.plugins.coverage.server.CoverageServer - Coverage client connection received from localhost - true
2020-09-22 09:13:38,259 [Thread-2] INFO  org.mule.munit.remote.coverage.CoverageManager - accumulating covered locations
2020-09-22 09:13:40,250 [main] INFO  org.mule.munit.remote.coverage.CoverageManager - Shutting down coverage server
2020-09-22 09:13:40,250 [main] INFO  org.mule.munit.remote.coverage.CoverageManager - Calculating application coverage
2020-09-22 09:13:40,272 [main] INFO  org.mule.munit.remote.RemoteRunner - Done
2020-09-22 09:16:23,692 [main] INFO  org.mule.munit.remote.RemoteRunner - Run Started
2020-09-22 09:16:24,067 [main] INFO  org.mule.maven.client.internal.AetherMavenClient - About to fetch required dependencies for artifact: com.mulesoft.mule.distributions:mule-runtime-impl-bom:pom:4.1.5. This may take a while...
2020-09-22 09:16:24,832 [main] INFO  org.mule.maven.client.internal.AetherMavenClient - About to fetch required dependencies for artifact: org.mule.distributions:mule-module-embedded-impl-bom:pom:4.1.5. This may take a while...
2020-09-22 09:16:24,984 [main] INFO  org.mule.maven.client.internal.AetherMavenClient - About to fetch required dependencies for artifact: com.mulesoft.mule.distributions:mule-runtime-impl-bom:pom:4.1.5. This may take a while...
2020-09-22 09:16:30,148 [main] INFO  org.mule.munit.remote.coverage.CoverageManager - Starting coverage server
2020-09-22 09:16:30,149 [Thread-2] INFO  org.mule.munit.plugins.coverage.server.CoverageServer - Coverage Server starting...
2020-09-22 09:16:30,149 [Thread-2] INFO  org.mule.munit.plugins.coverage.server.CoverageServer - Waiting for coverage client connection in port [50268]...
2020-09-22 09:16:36,034 [Thread-2] INFO  org.mule.munit.plugins.coverage.server.CoverageServer - Coverage client connection received from localhost - true
2020-09-22 09:16:36,039 [Thread-2] INFO  org.mule.munit.remote.coverage.CoverageManager - accumulating covered locations
2020-09-22 09:16:36,040 [Thread-2] INFO  org.mule.munit.plugins.coverage.server.CoverageServer - Coverage client connection received from localhost - true
2020-09-22 09:16:36,043 [Thread-2] INFO  org.mule.munit.remote.coverage.CoverageManager - accumulating covered locations
2020-09-22 09:16:37,952 [main] INFO  org.mule.munit.remote.coverage.CoverageManager - Shutting down coverage server
2020-09-22 09:16:37,952 [main] INFO  org.mule.munit.remote.coverage.CoverageManager - Calculating application coverage
2020-09-22 09:16:37,966 [main] INFO  org.mule.munit.remote.RemoteRunner - Done
2020-09-22 09:34:55,642 [main] INFO  org.mule.munit.remote.RemoteRunner - Run Started
2020-09-22 09:34:56,025 [main] INFO  org.mule.maven.client.internal.AetherMavenClient - About to fetch required dependencies for artifact: com.mulesoft.mule.distributions:mule-runtime-impl-bom:pom:4.1.5. This may take a while...
2020-09-22 09:34:56,789 [main] INFO  org.mule.maven.client.internal.AetherMavenClient - About to fetch required dependencies for artifact: org.mule.distributions:mule-module-embedded-impl-bom:pom:4.1.5. This may take a while...
2020-09-22 09:34:56,949 [main] INFO  org.mule.maven.client.internal.AetherMavenClient - About to fetch required dependencies for artifact: com.mulesoft.mule.distributions:mule-runtime-impl-bom:pom:4.1.5. This may take a while...
2020-09-22 09:35:01,913 [main] INFO  org.mule.munit.remote.coverage.CoverageManager - Starting coverage server
2020-09-22 09:35:01,913 [Thread-2] INFO  org.mule.munit.plugins.coverage.server.CoverageServer - Coverage Server starting...
2020-09-22 09:35:01,914 [Thread-2] INFO  org.mule.munit.plugins.coverage.server.CoverageServer - Waiting for coverage client connection in port [50047]...
2020-09-22 09:35:07,511 [Thread-2] INFO  org.mule.munit.plugins.coverage.server.CoverageServer - Coverage client connection received from localhost - true
2020-09-22 09:35:07,516 [Thread-2] INFO  org.mule.munit.remote.coverage.CoverageManager - accumulating covered locations
2020-09-22 09:35:07,517 [Thread-2] INFO  org.mule.munit.plugins.coverage.server.CoverageServer - Coverage client connection received from localhost - true
2020-09-22 09:35:07,519 [Thread-2] INFO  org.mule.munit.remote.coverage.CoverageManager - accumulating covered locations
2020-09-22 09:35:09,823 [main] INFO  org.mule.munit.remote.coverage.CoverageManager - Shutting down coverage server
2020-09-22 09:35:09,823 [main] INFO  org.mule.munit.remote.coverage.CoverageManager - Calculating application coverage
2020-09-22 09:35:09,836 [main] INFO  org.mule.munit.remote.RemoteRunner - Done
2020-09-22 09:36:29,306 [main] INFO  org.mule.munit.remote.RemoteRunner - Run Started
2020-09-22 09:36:29,682 [main] INFO  org.mule.maven.client.internal.AetherMavenClient - About to fetch required dependencies for artifact: com.mulesoft.mule.distributions:mule-runtime-impl-bom:pom:4.1.5. This may take a while...
2020-09-22 09:36:30,539 [main] INFO  org.mule.maven.client.internal.AetherMavenClient - About to fetch required dependencies for artifact: org.mule.distributions:mule-module-embedded-impl-bom:pom:4.1.5. This may take a while...
2020-09-22 09:36:30,734 [main] INFO  org.mule.maven.client.internal.AetherMavenClient - About to fetch required dependencies for artifact: com.mulesoft.mule.distributions:mule-runtime-impl-bom:pom:4.1.5. This may take a while...
2020-09-22 09:36:36,563 [main] INFO  org.mule.munit.remote.coverage.CoverageManager - Starting coverage server
2020-09-22 09:36:36,564 [Thread-2] INFO  org.mule.munit.plugins.coverage.server.CoverageServer - Coverage Server starting...
2020-09-22 09:36:36,564 [Thread-2] INFO  org.mule.munit.plugins.coverage.server.CoverageServer - Waiting for coverage client connection in port [50322]...
2020-09-22 09:36:42,791 [Thread-2] INFO  org.mule.munit.plugins.coverage.server.CoverageServer - Coverage client connection received from localhost - true
2020-09-22 09:36:42,796 [Thread-2] INFO  org.mule.munit.remote.coverage.CoverageManager - accumulating covered locations
2020-09-22 09:36:42,797 [Thread-2] INFO  org.mule.munit.plugins.coverage.server.CoverageServer - Coverage client connection received from localhost - true
2020-09-22 09:36:42,799 [Thread-2] INFO  org.mule.munit.remote.coverage.CoverageManager - accumulating covered locations
2020-09-22 09:36:52,070 [main] INFO  org.mule.munit.remote.RemoteRunner - Run Started
2020-09-22 09:36:52,456 [main] INFO  org.mule.maven.client.internal.AetherMavenClient - About to fetch required dependencies for artifact: com.mulesoft.mule.distributions:mule-runtime-impl-bom:pom:4.1.5. This may take a while...
2020-09-22 09:36:53,304 [main] INFO  org.mule.maven.client.internal.AetherMavenClient - About to fetch required dependencies for artifact: org.mule.distributions:mule-module-embedded-impl-bom:pom:4.1.5. This may take a while...
2020-09-22 09:36:53,488 [main] INFO  org.mule.maven.client.internal.AetherMavenClient - About to fetch required dependencies for artifact: com.mulesoft.mule.distributions:mule-runtime-impl-bom:pom:4.1.5. This may take a while...
2020-09-22 09:36:58,664 [main] INFO  org.mule.munit.remote.coverage.CoverageManager - Starting coverage server
2020-09-22 09:36:58,665 [Thread-2] INFO  org.mule.munit.plugins.coverage.server.CoverageServer - Coverage Server starting...
2020-09-22 09:36:58,665 [Thread-2] INFO  org.mule.munit.plugins.coverage.server.CoverageServer - Waiting for coverage client connection in port [50166]...
2020-09-22 09:37:04,426 [Thread-2] INFO  org.mule.munit.plugins.coverage.server.CoverageServer - Coverage client connection received from localhost - true
2020-09-22 09:37:04,430 [Thread-2] INFO  org.mule.munit.remote.coverage.CoverageManager - accumulating covered locations
2020-09-22 09:37:04,431 [Thread-2] INFO  org.mule.munit.plugins.coverage.server.CoverageServer - Coverage client connection received from localhost - true
2020-09-22 09:37:04,432 [Thread-2] INFO  org.mule.munit.remote.coverage.CoverageManager - accumulating covered locations
2020-09-22 09:37:06,454 [main] INFO  org.mule.munit.remote.coverage.CoverageManager - Shutting down coverage server
2020-09-22 09:37:06,454 [main] INFO  org.mule.munit.remote.coverage.CoverageManager - Calculating application coverage
2020-09-22 09:37:06,467 [main] INFO  org.mule.munit.remote.RemoteRunner - Done
2020-09-22 09:37:24,037 [main] INFO  org.mule.munit.remote.RemoteRunner - Run Started
2020-09-22 09:37:24,410 [main] INFO  org.mule.maven.client.internal.AetherMavenClient - About to fetch required dependencies for artifact: com.mulesoft.mule.distributions:mule-runtime-impl-bom:pom:4.1.5. This may take a while...
2020-09-22 09:37:25,223 [main] INFO  org.mule.maven.client.internal.AetherMavenClient - About to fetch required dependencies for artifact: org.mule.distributions:mule-module-embedded-impl-bom:pom:4.1.5. This may take a while...
2020-09-22 09:37:25,415 [main] INFO  org.mule.maven.client.internal.AetherMavenClient - About to fetch required dependencies for artifact: com.mulesoft.mule.distributions:mule-runtime-impl-bom:pom:4.1.5. This may take a while...
2020-09-22 09:37:30,439 [main] INFO  org.mule.munit.remote.coverage.CoverageManager - Starting coverage server
2020-09-22 09:37:30,440 [Thread-2] INFO  org.mule.munit.plugins.coverage.server.CoverageServer - Coverage Server starting...
2020-09-22 09:37:30,440 [Thread-2] INFO  org.mule.munit.plugins.coverage.server.CoverageServer - Waiting for coverage client connection in port [50439]...
2020-09-22 09:37:36,241 [Thread-2] INFO  org.mule.munit.plugins.coverage.server.CoverageServer - Coverage client connection received from localhost - true
2020-09-22 09:37:36,245 [Thread-2] INFO  org.mule.munit.remote.coverage.CoverageManager - accumulating covered locations
2020-09-22 09:37:36,246 [Thread-2] INFO  org.mule.munit.plugins.coverage.server.CoverageServer - Coverage client connection received from localhost - true
2020-09-22 09:37:36,248 [Thread-2] INFO  org.mule.munit.remote.coverage.CoverageManager - accumulating covered locations
2020-09-22 09:37:38,289 [main] INFO  org.mule.munit.remote.coverage.CoverageManager - Shutting down coverage server
2020-09-22 09:37:38,289 [main] INFO  org.mule.munit.remote.coverage.CoverageManager - Calculating application coverage
2020-09-22 09:37:38,302 [main] INFO  org.mule.munit.remote.RemoteRunner - Done
2020-09-22 10:12:57,206 [main] INFO  org.mule.munit.remote.RemoteRunner - Run Started
2020-09-22 10:12:57,675 [main] INFO  org.mule.maven.client.internal.AetherMavenClient - About to fetch required dependencies for artifact: com.mulesoft.mule.distributions:mule-runtime-impl-bom:pom:4.1.5. This may take a while...
2020-09-22 10:12:58,555 [main] INFO  org.mule.maven.client.internal.AetherMavenClient - About to fetch required dependencies for artifact: org.mule.distributions:mule-module-embedded-impl-bom:pom:4.1.5. This may take a while...
2020-09-22 10:12:58,719 [main] INFO  org.mule.maven.client.internal.AetherMavenClient - About to fetch required dependencies for artifact: com.mulesoft.mule.distributions:mule-runtime-impl-bom:pom:4.1.5. This may take a while...
2020-09-22 10:13:04,810 [main] INFO  org.mule.munit.remote.coverage.CoverageManager - Starting coverage server
2020-09-22 10:13:04,811 [Thread-2] INFO  org.mule.munit.plugins.coverage.server.CoverageServer - Coverage Server starting...
2020-09-22 10:13:04,811 [Thread-2] INFO  org.mule.munit.plugins.coverage.server.CoverageServer - Waiting for coverage client connection in port [50434]...
2020-09-22 10:13:11,052 [Thread-2] INFO  org.mule.munit.plugins.coverage.server.CoverageServer - Coverage client connection received from localhost - true
2020-09-22 10:13:11,060 [Thread-2] INFO  org.mule.munit.remote.coverage.CoverageManager - accumulating covered locations
2020-09-22 10:13:11,061 [Thread-2] INFO  org.mule.munit.plugins.coverage.server.CoverageServer - Coverage client connection received from localhost - true
2020-09-22 10:13:11,062 [Thread-2] INFO  org.mule.munit.remote.coverage.CoverageManager - accumulating covered locations
2020-09-22 10:13:13,183 [main] INFO  org.mule.munit.remote.coverage.CoverageManager - Shutting down coverage server
2020-09-22 10:13:13,184 [main] INFO  org.mule.munit.remote.coverage.CoverageManager - Calculating application coverage
2020-09-22 10:13:13,205 [main] INFO  org.mule.munit.remote.RemoteRunner - Done
2020-09-22 10:26:36,374 [main] INFO  org.mule.munit.remote.RemoteRunner - Run Started
2020-09-22 10:26:36,813 [main] INFO  org.mule.maven.client.internal.AetherMavenClient - About to fetch required dependencies for artifact: com.mulesoft.mule.distributions:mule-runtime-impl-bom:pom:4.1.5. This may take a while...
2020-09-22 10:26:37,584 [main] INFO  org.mule.maven.client.internal.AetherMavenClient - About to fetch required dependencies for artifact: org.mule.distributions:mule-module-embedded-impl-bom:pom:4.1.5. This may take a while...
2020-09-22 10:26:37,725 [main] INFO  org.mule.maven.client.internal.AetherMavenClient - About to fetch required dependencies for artifact: com.mulesoft.mule.distributions:mule-runtime-impl-bom:pom:4.1.5. This may take a while...
2020-09-22 10:26:42,772 [main] INFO  org.mule.munit.remote.coverage.CoverageManager - Starting coverage server
2020-09-22 10:26:42,774 [Thread-2] INFO  org.mule.munit.plugins.coverage.server.CoverageServer - Coverage Server starting...
2020-09-22 10:26:42,774 [Thread-2] INFO  org.mule.munit.plugins.coverage.server.CoverageServer - Waiting for coverage client connection in port [50201]...
2020-09-22 10:26:48,638 [Thread-2] INFO  org.mule.munit.plugins.coverage.server.CoverageServer - Coverage client connection received from localhost - true
2020-09-22 10:26:48,647 [Thread-2] INFO  org.mule.munit.remote.coverage.CoverageManager - accumulating covered locations
2020-09-22 10:26:48,647 [Thread-2] INFO  org.mule.munit.plugins.coverage.server.CoverageServer - Coverage client connection received from localhost - true
2020-09-22 10:26:48,648 [Thread-2] INFO  org.mule.munit.remote.coverage.CoverageManager - accumulating covered locations
2020-09-22 10:26:50,540 [main] INFO  org.mule.munit.remote.coverage.CoverageManager - Shutting down coverage server
2020-09-22 10:26:50,541 [main] INFO  org.mule.munit.remote.coverage.CoverageManager - Calculating application coverage
2020-09-22 10:26:50,560 [main] INFO  org.mule.munit.remote.RemoteRunner - Done
2020-09-22 11:15:15,641 [main] INFO  org.mule.munit.remote.RemoteRunner - Run Started
2020-09-22 11:15:16,014 [main] INFO  org.mule.maven.client.internal.AetherMavenClient - About to fetch required dependencies for artifact: com.mulesoft.mule.distributions:mule-runtime-impl-bom:pom:4.1.5. This may take a while...
2020-09-22 11:15:16,755 [main] INFO  org.mule.maven.client.internal.AetherMavenClient - About to fetch required dependencies for artifact: org.mule.distributions:mule-module-embedded-impl-bom:pom:4.1.5. This may take a while...
2020-09-22 11:15:16,910 [main] INFO  org.mule.maven.client.internal.AetherMavenClient - About to fetch required dependencies for artifact: com.mulesoft.mule.distributions:mule-runtime-impl-bom:pom:4.1.5. This may take a while...
2020-09-22 11:15:32,684 [main] INFO  org.mule.munit.remote.coverage.CoverageManager - Starting coverage server
2020-09-22 11:15:32,685 [pool-4-thread-1] INFO  org.mule.munit.plugins.coverage.server.CoverageServer - Coverage Server starting...
2020-09-22 11:15:32,685 [pool-4-thread-1] INFO  org.mule.munit.plugins.coverage.server.CoverageServer - Waiting for coverage client connection in port [50467]...
2020-09-22 11:15:41,052 [pool-4-thread-1] INFO  org.mule.munit.plugins.coverage.server.CoverageServer - Coverage client connection received from localhost - true
2020-09-22 11:15:41,054 [pool-4-thread-1] INFO  org.mule.munit.plugins.coverage.server.CoverageServer - Coverage client connection received from localhost - true
2020-09-22 11:15:41,060 [pool-6-thread-1] INFO  org.mule.munit.remote.coverage.CoverageManager - accumulating covered locations
2020-09-22 11:15:41,060 [pool-7-thread-1] INFO  org.mule.munit.remote.coverage.CoverageManager - accumulating covered locations
2020-09-22 11:15:43,011 [main] INFO  org.mule.munit.remote.coverage.CoverageManager - Shutting down coverage server
2020-09-22 11:15:43,011 [pool-4-thread-1] ERROR org.mule.munit.plugins.coverage.server.CoverageServer - Failed to start Coverage Server in port 50467
2020-09-22 11:15:43,011 [main] INFO  org.mule.munit.remote.coverage.CoverageManager - Calculating application coverage
2020-09-22 11:15:43,024 [main] INFO  org.mule.munit.remote.RemoteRunner - Done
2020-09-22 11:16:36,097 [main] INFO  org.mule.munit.remote.RemoteRunner - Run Started
2020-09-22 11:16:36,467 [main] INFO  org.mule.maven.client.internal.AetherMavenClient - About to fetch required dependencies for artifact: com.mulesoft.mule.distributions:mule-runtime-impl-bom:pom:4.1.5. This may take a while...
2020-09-22 11:16:37,192 [main] INFO  org.mule.maven.client.internal.AetherMavenClient - About to fetch required dependencies for artifact: org.mule.distributions:mule-module-embedded-impl-bom:pom:4.1.5. This may take a while...
2020-09-22 11:16:37,368 [main] INFO  org.mule.maven.client.internal.AetherMavenClient - About to fetch required dependencies for artifact: com.mulesoft.mule.distributions:mule-runtime-impl-bom:pom:4.1.5. This may take a while...
2020-09-22 11:16:42,273 [main] INFO  org.mule.munit.remote.coverage.CoverageManager - Starting coverage server
2020-09-22 11:16:42,274 [pool-4-thread-1] INFO  org.mule.munit.plugins.coverage.server.CoverageServer - Coverage Server starting...
2020-09-22 11:16:42,274 [pool-4-thread-1] INFO  org.mule.munit.plugins.coverage.server.CoverageServer - Waiting for coverage client connection in port [50448]...
2020-09-22 11:16:51,281 [pool-4-thread-1] INFO  org.mule.munit.plugins.coverage.server.CoverageServer - Coverage client connection received from localhost - true
2020-09-22 11:16:51,283 [pool-4-thread-1] INFO  org.mule.munit.plugins.coverage.server.CoverageServer - Coverage client connection received from localhost - true
2020-09-22 11:16:51,290 [pool-7-thread-1] INFO  org.mule.munit.remote.coverage.CoverageManager - accumulating covered locations
2020-09-22 11:16:51,290 [pool-6-thread-1] INFO  org.mule.munit.remote.coverage.CoverageManager - accumulating covered locations
2020-09-22 11:16:53,089 [main] INFO  org.mule.munit.remote.coverage.CoverageManager - Shutting down coverage server
2020-09-22 11:16:53,089 [pool-4-thread-1] ERROR org.mule.munit.plugins.coverage.server.CoverageServer - Failed to start Coverage Server in port 50448
2020-09-22 11:16:53,089 [main] INFO  org.mule.munit.remote.coverage.CoverageManager - Calculating application coverage
2020-09-22 11:16:53,102 [main] INFO  org.mule.munit.remote.RemoteRunner - Done
2020-09-22 11:57:04,993 [main] INFO  org.mule.munit.remote.RemoteRunner - Run Started
2020-09-22 11:57:05,389 [main] INFO  org.mule.maven.client.internal.AetherMavenClient - About to fetch required dependencies for artifact: com.mulesoft.mule.distributions:mule-runtime-impl-bom:pom:4.1.5. This may take a while...
2020-09-22 11:57:06,315 [main] INFO  org.mule.maven.client.internal.AetherMavenClient - About to fetch required dependencies for artifact: org.mule.distributions:mule-module-embedded-impl-bom:pom:4.1.5. This may take a while...
2020-09-22 11:57:06,506 [main] INFO  org.mule.maven.client.internal.AetherMavenClient - About to fetch required dependencies for artifact: com.mulesoft.mule.distributions:mule-runtime-impl-bom:pom:4.1.5. This may take a while...
2020-09-22 11:57:12,208 [main] INFO  org.mule.munit.remote.coverage.CoverageManager - Starting coverage server
2020-09-22 11:57:12,209 [pool-4-thread-1] INFO  org.mule.munit.plugins.coverage.server.CoverageServer - Coverage Server starting...
2020-09-22 11:57:12,209 [pool-4-thread-1] INFO  org.mule.munit.plugins.coverage.server.CoverageServer - Waiting for coverage client connection in port [50114]...
2020-09-22 11:57:20,887 [pool-4-thread-1] INFO  org.mule.munit.plugins.coverage.server.CoverageServer - Coverage client connection received from localhost - true
2020-09-22 11:57:20,889 [pool-4-thread-1] INFO  org.mule.munit.plugins.coverage.server.CoverageServer - Coverage client connection received from localhost - true
2020-09-22 11:57:20,895 [pool-7-thread-1] INFO  org.mule.munit.remote.coverage.CoverageManager - accumulating covered locations
2020-09-22 11:57:20,896 [pool-6-thread-1] INFO  org.mule.munit.remote.coverage.CoverageManager - accumulating covered locations
2020-09-22 11:57:22,787 [main] INFO  org.mule.munit.remote.coverage.CoverageManager - Shutting down coverage server
2020-09-22 11:57:22,787 [pool-4-thread-1] ERROR org.mule.munit.plugins.coverage.server.CoverageServer - Failed to start Coverage Server in port 50114
2020-09-22 11:57:22,787 [main] INFO  org.mule.munit.remote.coverage.CoverageManager - Calculating application coverage
2020-09-22 11:57:22,799 [main] INFO  org.mule.munit.remote.RemoteRunner - Done
2020-09-22 13:39:39,324 [main] INFO  org.mule.munit.remote.RemoteRunner - Run Started
2020-09-22 13:39:39,696 [main] INFO  org.mule.maven.client.internal.AetherMavenClient - About to fetch required dependencies for artifact: com.mulesoft.mule.distributions:mule-runtime-impl-bom:pom:4.1.5. This may take a while...
2020-09-22 13:39:40,488 [main] INFO  org.mule.maven.client.internal.AetherMavenClient - About to fetch required dependencies for artifact: org.mule.distributions:mule-module-embedded-impl-bom:pom:4.1.5. This may take a while...
2020-09-22 13:39:40,644 [main] INFO  org.mule.maven.client.internal.AetherMavenClient - About to fetch required dependencies for artifact: com.mulesoft.mule.distributions:mule-runtime-impl-bom:pom:4.1.5. This may take a while...
2020-09-22 13:39:46,044 [main] INFO  org.mule.munit.remote.coverage.CoverageManager - Starting coverage server
2020-09-22 13:39:46,045 [pool-4-thread-1] INFO  org.mule.munit.plugins.coverage.server.CoverageServer - Coverage Server starting...
2020-09-22 13:39:46,045 [pool-4-thread-1] INFO  org.mule.munit.plugins.coverage.server.CoverageServer - Waiting for coverage client connection in port [50089]...
2020-09-22 13:39:55,239 [pool-4-thread-1] INFO  org.mule.munit.plugins.coverage.server.CoverageServer - Coverage client connection received from localhost - true
2020-09-22 13:39:55,241 [pool-4-thread-1] INFO  org.mule.munit.plugins.coverage.server.CoverageServer - Coverage client connection received from localhost - true
2020-09-22 13:39:55,247 [pool-7-thread-1] INFO  org.mule.munit.remote.coverage.CoverageManager - accumulating covered locations
2020-09-22 13:39:55,247 [pool-6-thread-1] INFO  org.mule.munit.remote.coverage.CoverageManager - accumulating covered locations
2020-09-22 13:39:57,113 [main] INFO  org.mule.munit.remote.coverage.CoverageManager - Shutting down coverage server
2020-09-22 13:39:57,114 [pool-4-thread-1] ERROR org.mule.munit.plugins.coverage.server.CoverageServer - Failed to start Coverage Server in port 50089
2020-09-22 13:39:57,114 [main] INFO  org.mule.munit.remote.coverage.CoverageManager - Calculating application coverage
2020-09-22 13:39:57,128 [main] INFO  org.mule.munit.remote.RemoteRunner - Done
2020-09-22 13:43:43,901 [main] INFO  org.mule.munit.remote.RemoteRunner - Run Started
2020-09-22 13:43:44,283 [main] INFO  org.mule.maven.client.internal.AetherMavenClient - About to fetch required dependencies for artifact: com.mulesoft.mule.distributions:mule-runtime-impl-bom:pom:4.1.5. This may take a while...
2020-09-22 13:43:45,017 [main] INFO  org.mule.maven.client.internal.AetherMavenClient - About to fetch required dependencies for artifact: org.mule.distributions:mule-module-embedded-impl-bom:pom:4.1.5. This may take a while...
2020-09-22 13:43:45,201 [main] INFO  org.mule.maven.client.internal.AetherMavenClient - About to fetch required dependencies for artifact: com.mulesoft.mule.distributions:mule-runtime-impl-bom:pom:4.1.5. This may take a while...
2020-09-22 13:43:50,438 [main] INFO  org.mule.munit.remote.coverage.CoverageManager - Starting coverage server
2020-09-22 13:43:50,439 [pool-4-thread-1] INFO  org.mule.munit.plugins.coverage.server.CoverageServer - Coverage Server starting...
2020-09-22 13:43:50,439 [pool-4-thread-1] INFO  org.mule.munit.plugins.coverage.server.CoverageServer - Waiting for coverage client connection in port [50203]...
2020-09-22 13:43:59,133 [pool-4-thread-1] INFO  org.mule.munit.plugins.coverage.server.CoverageServer - Coverage client connection received from localhost - true
2020-09-22 13:43:59,134 [pool-4-thread-1] INFO  org.mule.munit.plugins.coverage.server.CoverageServer - Coverage client connection received from localhost - true
2020-09-22 13:43:59,140 [pool-6-thread-1] INFO  org.mule.munit.remote.coverage.CoverageManager - accumulating covered locations
2020-09-22 13:43:59,140 [pool-7-thread-1] INFO  org.mule.munit.remote.coverage.CoverageManager - accumulating covered locations
2020-09-22 13:44:00,744 [main] INFO  org.mule.munit.remote.coverage.CoverageManager - Shutting down coverage server
2020-09-22 13:44:00,744 [pool-4-thread-1] ERROR org.mule.munit.plugins.coverage.server.CoverageServer - Failed to start Coverage Server in port 50203
2020-09-22 13:44:00,744 [main] INFO  org.mule.munit.remote.coverage.CoverageManager - Calculating application coverage
2020-09-22 13:44:00,756 [main] INFO  org.mule.munit.remote.RemoteRunner - Done
2020-09-22 13:44:38,259 [main] INFO  org.mule.munit.remote.RemoteRunner - Run Started
2020-09-22 13:44:38,688 [main] INFO  org.mule.maven.client.internal.AetherMavenClient - About to fetch required dependencies for artifact: com.mulesoft.mule.distributions:mule-runtime-impl-bom:pom:4.1.5. This may take a while...
2020-09-22 13:44:39,729 [main] INFO  org.mule.maven.client.internal.AetherMavenClient - About to fetch required dependencies for artifact: org.mule.distributions:mule-module-embedded-impl-bom:pom:4.1.5. This may take a while...
2020-09-22 13:44:39,994 [main] INFO  org.mule.maven.client.internal.AetherMavenClient - About to fetch required dependencies for artifact: com.mulesoft.mule.distributions:mule-runtime-impl-bom:pom:4.1.5. This may take a while...
2020-09-22 13:44:45,508 [main] INFO  org.mule.munit.remote.coverage.CoverageManager - Starting coverage server
2020-09-22 13:44:45,509 [pool-4-thread-1] INFO  org.mule.munit.plugins.coverage.server.CoverageServer - Coverage Server starting...
2020-09-22 13:44:45,509 [pool-4-thread-1] INFO  org.mule.munit.plugins.coverage.server.CoverageServer - Waiting for coverage client connection in port [50216]...
2020-09-22 13:44:54,721 [pool-4-thread-1] INFO  org.mule.munit.plugins.coverage.server.CoverageServer - Coverage client connection received from localhost - true
2020-09-22 13:44:54,723 [pool-4-thread-1] INFO  org.mule.munit.plugins.coverage.server.CoverageServer - Coverage client connection received from localhost - true
2020-09-22 13:44:54,730 [pool-6-thread-1] INFO  org.mule.munit.remote.coverage.CoverageManager - accumulating covered locations
2020-09-22 13:44:54,730 [pool-7-thread-1] INFO  org.mule.munit.remote.coverage.CoverageManager - accumulating covered locations
2020-09-22 13:44:56,995 [main] INFO  org.mule.munit.remote.coverage.CoverageManager - Shutting down coverage server
2020-09-22 13:44:56,995 [pool-4-thread-1] ERROR org.mule.munit.plugins.coverage.server.CoverageServer - Failed to start Coverage Server in port 50216
2020-09-22 13:44:56,995 [main] INFO  org.mule.munit.remote.coverage.CoverageManager - Calculating application coverage
2020-09-22 13:44:57,008 [main] INFO  org.mule.munit.remote.RemoteRunner - Done
2020-09-22 13:50:46,749 [main] INFO  org.mule.munit.remote.RemoteRunner - Run Started
2020-09-22 13:50:47,111 [main] INFO  org.mule.maven.client.internal.AetherMavenClient - About to fetch required dependencies for artifact: com.mulesoft.mule.distributions:mule-runtime-impl-bom:pom:4.1.5. This may take a while...
2020-09-22 13:50:47,895 [main] INFO  org.mule.maven.client.internal.AetherMavenClient - About to fetch required dependencies for artifact: org.mule.distributions:mule-module-embedded-impl-bom:pom:4.1.5. This may take a while...
2020-09-22 13:50:48,091 [main] INFO  org.mule.maven.client.internal.AetherMavenClient - About to fetch required dependencies for artifact: com.mulesoft.mule.distributions:mule-runtime-impl-bom:pom:4.1.5. This may take a while...
2020-09-22 13:50:53,401 [main] INFO  org.mule.munit.remote.coverage.CoverageManager - Starting coverage server
2020-09-22 13:50:53,402 [pool-4-thread-1] INFO  org.mule.munit.plugins.coverage.server.CoverageServer - Coverage Server starting...
2020-09-22 13:50:53,402 [pool-4-thread-1] INFO  org.mule.munit.plugins.coverage.server.CoverageServer - Waiting for coverage client connection in port [50221]...
2020-09-22 13:51:01,799 [pool-4-thread-1] INFO  org.mule.munit.plugins.coverage.server.CoverageServer - Coverage client connection received from localhost - true
2020-09-22 13:51:01,800 [pool-4-thread-1] INFO  org.mule.munit.plugins.coverage.server.CoverageServer - Coverage client connection received from localhost - true
2020-09-22 13:51:01,807 [pool-7-thread-1] INFO  org.mule.munit.remote.coverage.CoverageManager - accumulating covered locations
2020-09-22 13:51:01,808 [pool-6-thread-1] INFO  org.mule.munit.remote.coverage.CoverageManager - accumulating covered locations
2020-09-22 13:51:04,031 [main] INFO  org.mule.munit.remote.coverage.CoverageManager - Shutting down coverage server
2020-09-22 13:51:04,031 [pool-4-thread-1] ERROR org.mule.munit.plugins.coverage.server.CoverageServer - Failed to start Coverage Server in port 50221
2020-09-22 13:51:04,031 [main] INFO  org.mule.munit.remote.coverage.CoverageManager - Calculating application coverage
2020-09-22 13:51:04,043 [main] INFO  org.mule.munit.remote.RemoteRunner - Done
2020-09-22 13:52:31,509 [main] INFO  org.mule.munit.remote.RemoteRunner - Run Started
2020-09-22 13:52:31,882 [main] INFO  org.mule.maven.client.internal.AetherMavenClient - About to fetch required dependencies for artifact: com.mulesoft.mule.distributions:mule-runtime-impl-bom:pom:4.1.5. This may take a while...
2020-09-22 13:52:32,686 [main] INFO  org.mule.maven.client.internal.AetherMavenClient - About to fetch required dependencies for artifact: org.mule.distributions:mule-module-embedded-impl-bom:pom:4.1.5. This may take a while...
2020-09-22 13:52:32,867 [main] INFO  org.mule.maven.client.internal.AetherMavenClient - About to fetch required dependencies for artifact: com.mulesoft.mule.distributions:mule-runtime-impl-bom:pom:4.1.5. This may take a while...
2020-09-22 13:52:38,226 [main] INFO  org.mule.munit.remote.coverage.CoverageManager - Starting coverage server
2020-09-22 13:52:38,227 [pool-4-thread-1] INFO  org.mule.munit.plugins.coverage.server.CoverageServer - Coverage Server starting...
2020-09-22 13:52:38,227 [pool-4-thread-1] INFO  org.mule.munit.plugins.coverage.server.CoverageServer - Waiting for coverage client connection in port [50219]...
2020-09-22 13:52:46,999 [pool-4-thread-1] INFO  org.mule.munit.plugins.coverage.server.CoverageServer - Coverage client connection received from localhost - true
2020-09-22 13:52:47,001 [pool-4-thread-1] INFO  org.mule.munit.plugins.coverage.server.CoverageServer - Coverage client connection received from localhost - true
2020-09-22 13:52:47,010 [pool-7-thread-1] INFO  org.mule.munit.remote.coverage.CoverageManager - accumulating covered locations
2020-09-22 13:52:47,011 [pool-6-thread-1] INFO  org.mule.munit.remote.coverage.CoverageManager - accumulating covered locations
2020-09-22 13:52:48,916 [main] INFO  org.mule.munit.remote.coverage.CoverageManager - Shutting down coverage server
2020-09-22 13:52:48,916 [pool-4-thread-1] ERROR org.mule.munit.plugins.coverage.server.CoverageServer - Failed to start Coverage Server in port 50219
2020-09-22 13:52:48,917 [main] INFO  org.mule.munit.remote.coverage.CoverageManager - Calculating application coverage
2020-09-22 13:52:48,930 [main] INFO  org.mule.munit.remote.RemoteRunner - Done
2020-09-22 14:05:17,688 [main] INFO  org.mule.munit.remote.RemoteRunner - Run Started
2020-09-22 14:05:18,110 [main] INFO  org.mule.maven.client.internal.AetherMavenClient - About to fetch required dependencies for artifact: com.mulesoft.mule.distributions:mule-runtime-impl-bom:pom:4.1.5. This may take a while...
2020-09-22 14:05:18,917 [main] INFO  org.mule.maven.client.internal.AetherMavenClient - About to fetch required dependencies for artifact: org.mule.distributions:mule-module-embedded-impl-bom:pom:4.1.5. This may take a while...
2020-09-22 14:05:19,067 [main] INFO  org.mule.maven.client.internal.AetherMavenClient - About to fetch required dependencies for artifact: com.mulesoft.mule.distributions:mule-runtime-impl-bom:pom:4.1.5. This may take a while...
2020-09-22 14:05:24,611 [main] INFO  org.mule.munit.remote.coverage.CoverageManager - Starting coverage server
2020-09-22 14:05:24,612 [pool-4-thread-1] INFO  org.mule.munit.plugins.coverage.server.CoverageServer - Coverage Server starting...
2020-09-22 14:05:24,612 [pool-4-thread-1] INFO  org.mule.munit.plugins.coverage.server.CoverageServer - Waiting for coverage client connection in port [50201]...
2020-09-22 14:05:33,319 [pool-4-thread-1] INFO  org.mule.munit.plugins.coverage.server.CoverageServer - Coverage client connection received from localhost - true
2020-09-22 14:05:33,321 [pool-4-thread-1] INFO  org.mule.munit.plugins.coverage.server.CoverageServer - Coverage client connection received from localhost - true
2020-09-22 14:05:33,327 [pool-7-thread-1] INFO  org.mule.munit.remote.coverage.CoverageManager - accumulating covered locations
2020-09-22 14:05:33,327 [pool-6-thread-1] INFO  org.mule.munit.remote.coverage.CoverageManager - accumulating covered locations
2020-09-22 14:05:35,498 [main] INFO  org.mule.munit.remote.coverage.CoverageManager - Shutting down coverage server
2020-09-22 14:05:35,499 [pool-4-thread-1] ERROR org.mule.munit.plugins.coverage.server.CoverageServer - Failed to start Coverage Server in port 50201
2020-09-22 14:05:35,499 [main] INFO  org.mule.munit.remote.coverage.CoverageManager - Calculating application coverage
2020-09-22 14:05:35,512 [main] INFO  org.mule.munit.remote.RemoteRunner - Done
2020-09-22 14:09:02,337 [main] INFO  org.mule.munit.remote.RemoteRunner - Run Started
2020-09-22 14:09:02,901 [main] INFO  org.mule.maven.client.internal.AetherMavenClient - About to fetch required dependencies for artifact: com.mulesoft.mule.distributions:mule-runtime-impl-bom:pom:4.1.5. This may take a while...
2020-09-22 14:09:03,729 [main] INFO  org.mule.maven.client.internal.AetherMavenClient - About to fetch required dependencies for artifact: org.mule.distributions:mule-module-embedded-impl-bom:pom:4.1.5. This may take a while...
2020-09-22 14:09:03,930 [main] INFO  org.mule.maven.client.internal.AetherMavenClient - About to fetch required dependencies for artifact: com.mulesoft.mule.distributions:mule-runtime-impl-bom:pom:4.1.5. This may take a while...
2020-09-22 14:09:09,223 [main] INFO  org.mule.munit.remote.coverage.CoverageManager - Starting coverage server
2020-09-22 14:09:09,223 [pool-4-thread-1] INFO  org.mule.munit.plugins.coverage.server.CoverageServer - Coverage Server starting...
2020-09-22 14:09:09,224 [pool-4-thread-1] INFO  org.mule.munit.plugins.coverage.server.CoverageServer - Waiting for coverage client connection in port [50215]...
2020-09-22 14:09:18,827 [pool-4-thread-1] INFO  org.mule.munit.plugins.coverage.server.CoverageServer - Coverage client connection received from localhost - true
2020-09-22 14:09:18,829 [pool-4-thread-1] INFO  org.mule.munit.plugins.coverage.server.CoverageServer - Coverage client connection received from localhost - true
2020-09-22 14:09:18,835 [pool-6-thread-1] INFO  org.mule.munit.remote.coverage.CoverageManager - accumulating covered locations
2020-09-22 14:09:18,835 [pool-7-thread-1] INFO  org.mule.munit.remote.coverage.CoverageManager - accumulating covered locations
2020-09-22 14:09:20,923 [main] INFO  org.mule.munit.remote.coverage.CoverageManager - Shutting down coverage server
2020-09-22 14:09:20,923 [pool-4-thread-1] ERROR org.mule.munit.plugins.coverage.server.CoverageServer - Failed to start Coverage Server in port 50215
2020-09-22 14:09:20,923 [main] INFO  org.mule.munit.remote.coverage.CoverageManager - Calculating application coverage
2020-09-22 14:09:20,936 [main] INFO  org.mule.munit.remote.RemoteRunner - Done
2020-09-22 14:17:07,321 [main] INFO  org.mule.munit.remote.RemoteRunner - Run Started
2020-09-22 14:17:07,689 [main] INFO  org.mule.maven.client.internal.AetherMavenClient - About to fetch required dependencies for artifact: com.mulesoft.mule.distributions:mule-runtime-impl-bom:pom:4.1.5. This may take a while...
2020-09-22 14:17:08,440 [main] INFO  org.mule.maven.client.internal.AetherMavenClient - About to fetch required dependencies for artifact: org.mule.distributions:mule-module-embedded-impl-bom:pom:4.1.5. This may take a while...
2020-09-22 14:17:08,617 [main] INFO  org.mule.maven.client.internal.AetherMavenClient - About to fetch required dependencies for artifact: com.mulesoft.mule.distributions:mule-runtime-impl-bom:pom:4.1.5. This may take a while...
2020-09-22 14:17:13,684 [main] INFO  org.mule.munit.remote.coverage.CoverageManager - Starting coverage server
2020-09-22 14:17:13,685 [pool-4-thread-1] INFO  org.mule.munit.plugins.coverage.server.CoverageServer - Coverage Server starting...
2020-09-22 14:17:13,685 [pool-4-thread-1] INFO  org.mule.munit.plugins.coverage.server.CoverageServer - Waiting for coverage client connection in port [50102]...
2020-09-22 14:17:22,556 [pool-4-thread-1] INFO  org.mule.munit.plugins.coverage.server.CoverageServer - Coverage client connection received from localhost - true
2020-09-22 14:17:22,558 [pool-4-thread-1] INFO  org.mule.munit.plugins.coverage.server.CoverageServer - Coverage client connection received from localhost - true
2020-09-22 14:17:22,563 [pool-6-thread-1] INFO  org.mule.munit.remote.coverage.CoverageManager - accumulating covered locations
2020-09-22 14:17:22,563 [pool-7-thread-1] INFO  org.mule.munit.remote.coverage.CoverageManager - accumulating covered locations
2020-09-22 14:17:24,581 [main] INFO  org.mule.munit.remote.coverage.CoverageManager - Shutting down coverage server
2020-09-22 14:17:24,581 [pool-4-thread-1] ERROR org.mule.munit.plugins.coverage.server.CoverageServer - Failed to start Coverage Server in port 50102
2020-09-22 14:17:24,582 [main] INFO  org.mule.munit.remote.coverage.CoverageManager - Calculating application coverage
2020-09-22 14:17:24,595 [main] INFO  org.mule.munit.remote.RemoteRunner - Done
2020-09-29 09:23:28,795 [main] INFO  org.mule.munit.remote.RemoteRunner - Run Started
2020-09-29 09:23:29,297 [main] INFO  org.mule.maven.client.internal.AetherMavenClient - About to fetch required dependencies for artifact: com.mulesoft.mule.distributions:mule-runtime-impl-bom:pom:4.1.5. This may take a while...
2020-09-29 09:23:30,249 [main] INFO  org.mule.maven.client.internal.AetherMavenClient - About to fetch required dependencies for artifact: org.mule.distributions:mule-module-embedded-impl-bom:pom:4.1.5. This may take a while...
2020-09-29 09:23:30,415 [main] INFO  org.mule.maven.client.internal.AetherMavenClient - About to fetch required dependencies for artifact: com.mulesoft.mule.distributions:mule-runtime-impl-bom:pom:4.1.5. This may take a while...
2020-09-29 09:23:36,467 [main] INFO  org.mule.munit.remote.coverage.CoverageManager - Starting coverage server
2020-09-29 09:23:36,468 [pool-4-thread-1] INFO  org.mule.munit.plugins.coverage.server.CoverageServer - Coverage Server starting...
2020-09-29 09:23:36,468 [pool-4-thread-1] INFO  org.mule.munit.plugins.coverage.server.CoverageServer - Waiting for coverage client connection in port [50442]...
2020-09-29 09:23:45,435 [pool-4-thread-1] INFO  org.mule.munit.plugins.coverage.server.CoverageServer - Coverage client connection received from localhost - true
2020-09-29 09:23:45,437 [pool-4-thread-1] INFO  org.mule.munit.plugins.coverage.server.CoverageServer - Coverage client connection received from localhost - true
2020-09-29 09:23:45,446 [pool-7-thread-1] INFO  org.mule.munit.remote.coverage.CoverageManager - accumulating covered locations
2020-09-29 09:23:45,447 [pool-6-thread-1] INFO  org.mule.munit.remote.coverage.CoverageManager - accumulating covered locations
2020-09-29 09:23:47,432 [main] INFO  org.mule.munit.remote.coverage.CoverageManager - Shutting down coverage server
2020-09-29 09:23:47,432 [pool-4-thread-1] ERROR org.mule.munit.plugins.coverage.server.CoverageServer - Failed to start Coverage Server in port 50442
2020-09-29 09:23:47,432 [main] INFO  org.mule.munit.remote.coverage.CoverageManager - Calculating application coverage
2020-09-29 09:23:47,451 [main] INFO  org.mule.munit.remote.RemoteRunner - Done
2020-09-29 09:25:03,187 [main] INFO  org.mule.munit.remote.RemoteRunner - Run Started
2020-09-29 09:25:03,695 [main] INFO  org.mule.maven.client.internal.AetherMavenClient - About to fetch required dependencies for artifact: com.mulesoft.mule.distributions:mule-runtime-impl-bom:pom:4.1.5. This may take a while...
2020-09-29 09:25:04,662 [main] INFO  org.mule.maven.client.internal.AetherMavenClient - About to fetch required dependencies for artifact: org.mule.distributions:mule-module-embedded-impl-bom:pom:4.1.5. This may take a while...
2020-09-29 09:25:04,859 [main] INFO  org.mule.maven.client.internal.AetherMavenClient - About to fetch required dependencies for artifact: com.mulesoft.mule.distributions:mule-runtime-impl-bom:pom:4.1.5. This may take a while...
2020-09-29 09:25:10,894 [main] INFO  org.mule.munit.remote.coverage.CoverageManager - Starting coverage server
2020-09-29 09:25:10,895 [pool-4-thread-1] INFO  org.mule.munit.plugins.coverage.server.CoverageServer - Coverage Server starting...
2020-09-29 09:25:10,895 [pool-4-thread-1] INFO  org.mule.munit.plugins.coverage.server.CoverageServer - Waiting for coverage client connection in port [50224]...
2020-09-29 09:25:19,371 [pool-4-thread-1] INFO  org.mule.munit.plugins.coverage.server.CoverageServer - Coverage client connection received from localhost - true
2020-09-29 09:25:19,373 [pool-4-thread-1] INFO  org.mule.munit.plugins.coverage.server.CoverageServer - Coverage client connection received from localhost - true
2020-09-29 09:25:19,378 [pool-6-thread-1] INFO  org.mule.munit.remote.coverage.CoverageManager - accumulating covered locations
2020-09-29 09:25:19,378 [pool-7-thread-1] INFO  org.mule.munit.remote.coverage.CoverageManager - accumulating covered locations
2020-09-29 09:25:21,201 [main] INFO  org.mule.munit.remote.coverage.CoverageManager - Shutting down coverage server
2020-09-29 09:25:21,202 [pool-4-thread-1] ERROR org.mule.munit.plugins.coverage.server.CoverageServer - Failed to start Coverage Server in port 50224
2020-09-29 09:25:21,202 [main] INFO  org.mule.munit.remote.coverage.CoverageManager - Calculating application coverage
2020-09-29 09:25:21,215 [main] INFO  org.mule.munit.remote.RemoteRunner - Done
2020-09-29 09:26:48,358 [main] INFO  org.mule.munit.remote.RemoteRunner - Run Started
2020-09-29 09:26:48,723 [main] INFO  org.mule.maven.client.internal.AetherMavenClient - About to fetch required dependencies for artifact: com.mulesoft.mule.distributions:mule-runtime-impl-bom:pom:4.1.5. This may take a while...
2020-09-29 09:26:49,399 [main] INFO  org.mule.maven.client.internal.AetherMavenClient - About to fetch required dependencies for artifact: org.mule.distributions:mule-module-embedded-impl-bom:pom:4.1.5. This may take a while...
2020-09-29 09:26:49,544 [main] INFO  org.mule.maven.client.internal.AetherMavenClient - About to fetch required dependencies for artifact: com.mulesoft.mule.distributions:mule-runtime-impl-bom:pom:4.1.5. This may take a while...
2020-09-29 09:26:54,255 [main] INFO  org.mule.munit.remote.coverage.CoverageManager - Starting coverage server
2020-09-29 09:26:54,256 [pool-4-thread-1] INFO  org.mule.munit.plugins.coverage.server.CoverageServer - Coverage Server starting...
2020-09-29 09:26:54,256 [pool-4-thread-1] INFO  org.mule.munit.plugins.coverage.server.CoverageServer - Waiting for coverage client connection in port [50425]...
2020-09-29 09:27:02,537 [pool-4-thread-1] INFO  org.mule.munit.plugins.coverage.server.CoverageServer - Coverage client connection received from localhost - true
2020-09-29 09:27:02,539 [pool-4-thread-1] INFO  org.mule.munit.plugins.coverage.server.CoverageServer - Coverage client connection received from localhost - true
2020-09-29 09:27:02,546 [pool-7-thread-1] INFO  org.mule.munit.remote.coverage.CoverageManager - accumulating covered locations
2020-09-29 09:27:02,546 [pool-6-thread-1] INFO  org.mule.munit.remote.coverage.CoverageManager - accumulating covered locations
2020-09-29 09:27:04,719 [main] INFO  org.mule.munit.remote.coverage.CoverageManager - Shutting down coverage server
2020-09-29 09:27:04,720 [pool-4-thread-1] ERROR org.mule.munit.plugins.coverage.server.CoverageServer - Failed to start Coverage Server in port 50425
2020-09-29 09:27:04,720 [main] INFO  org.mule.munit.remote.coverage.CoverageManager - Calculating application coverage
2020-09-29 09:27:04,731 [main] INFO  org.mule.munit.remote.RemoteRunner - Done
2020-09-29 09:27:39,550 [main] INFO  org.mule.munit.remote.RemoteRunner - Run Started
2020-09-29 09:27:39,918 [main] INFO  org.mule.maven.client.internal.AetherMavenClient - About to fetch required dependencies for artifact: com.mulesoft.mule.distributions:mule-runtime-impl-bom:pom:4.1.5. This may take a while...
2020-09-29 09:27:40,612 [main] INFO  org.mule.maven.client.internal.AetherMavenClient - About to fetch required dependencies for artifact: org.mule.distributions:mule-module-embedded-impl-bom:pom:4.1.5. This may take a while...
2020-09-29 09:27:40,762 [main] INFO  org.mule.maven.client.internal.AetherMavenClient - About to fetch required dependencies for artifact: com.mulesoft.mule.distributions:mule-runtime-impl-bom:pom:4.1.5. This may take a while...
2020-09-29 09:27:45,703 [main] INFO  org.mule.munit.remote.coverage.CoverageManager - Starting coverage server
2020-09-29 09:27:45,703 [pool-4-thread-1] INFO  org.mule.munit.plugins.coverage.server.CoverageServer - Coverage Server starting...
2020-09-29 09:27:45,704 [pool-4-thread-1] INFO  org.mule.munit.plugins.coverage.server.CoverageServer - Waiting for coverage client connection in port [50391]...
2020-09-29 09:27:53,916 [pool-4-thread-1] INFO  org.mule.munit.plugins.coverage.server.CoverageServer - Coverage client connection received from localhost - true
2020-09-29 09:27:53,918 [pool-4-thread-1] INFO  org.mule.munit.plugins.coverage.server.CoverageServer - Coverage client connection received from localhost - true
2020-09-29 09:27:53,924 [pool-6-thread-1] INFO  org.mule.munit.remote.coverage.CoverageManager - accumulating covered locations
2020-09-29 09:27:53,924 [pool-7-thread-1] INFO  org.mule.munit.remote.coverage.CoverageManager - accumulating covered locations
2020-09-29 09:27:56,075 [main] INFO  org.mule.munit.remote.coverage.CoverageManager - Shutting down coverage server
2020-09-29 09:27:56,075 [pool-4-thread-1] ERROR org.mule.munit.plugins.coverage.server.CoverageServer - Failed to start Coverage Server in port 50391
2020-09-29 09:27:56,075 [main] INFO  org.mule.munit.remote.coverage.CoverageManager - Calculating application coverage
2020-09-29 09:27:56,088 [main] INFO  org.mule.munit.remote.RemoteRunner - Done
2020-09-29 09:28:17,359 [main] INFO  org.mule.munit.remote.RemoteRunner - Run Started
2020-09-29 09:28:17,868 [main] INFO  org.mule.maven.client.internal.AetherMavenClient - About to fetch required dependencies for artifact: com.mulesoft.mule.distributions:mule-runtime-impl-bom:pom:4.1.5. This may take a while...
2020-09-29 09:28:18,832 [main] INFO  org.mule.maven.client.internal.AetherMavenClient - About to fetch required dependencies for artifact: org.mule.distributions:mule-module-embedded-impl-bom:pom:4.1.5. This may take a while...
2020-09-29 09:28:19,048 [main] INFO  org.mule.maven.client.internal.AetherMavenClient - About to fetch required dependencies for artifact: com.mulesoft.mule.distributions:mule-runtime-impl-bom:pom:4.1.5. This may take a while...
2020-09-29 09:28:25,051 [main] INFO  org.mule.munit.remote.coverage.CoverageManager - Starting coverage server
2020-09-29 09:28:25,052 [pool-4-thread-1] INFO  org.mule.munit.plugins.coverage.server.CoverageServer - Coverage Server starting...
2020-09-29 09:28:25,052 [pool-4-thread-1] INFO  org.mule.munit.plugins.coverage.server.CoverageServer - Waiting for coverage client connection in port [50031]...
2020-09-29 09:28:33,713 [pool-4-thread-1] INFO  org.mule.munit.plugins.coverage.server.CoverageServer - Coverage client connection received from localhost - true
2020-09-29 09:28:33,715 [pool-4-thread-1] INFO  org.mule.munit.plugins.coverage.server.CoverageServer - Coverage client connection received from localhost - true
2020-09-29 09:28:33,722 [pool-6-thread-1] INFO  org.mule.munit.remote.coverage.CoverageManager - accumulating covered locations
2020-09-29 09:28:33,722 [pool-7-thread-1] INFO  org.mule.munit.remote.coverage.CoverageManager - accumulating covered locations
2020-09-29 09:28:35,621 [main] INFO  org.mule.munit.remote.coverage.CoverageManager - Shutting down coverage server
2020-09-29 09:28:35,621 [pool-4-thread-1] ERROR org.mule.munit.plugins.coverage.server.CoverageServer - Failed to start Coverage Server in port 50031
2020-09-29 09:28:35,621 [main] INFO  org.mule.munit.remote.coverage.CoverageManager - Calculating application coverage
2020-09-29 09:28:35,635 [main] INFO  org.mule.munit.remote.RemoteRunner - Done
2020-09-29 09:34:05,361 [main] INFO  org.mule.munit.remote.RemoteRunner - Run Started
2020-09-29 09:34:05,769 [main] INFO  org.mule.maven.client.internal.AetherMavenClient - About to fetch required dependencies for artifact: com.mulesoft.mule.distributions:mule-runtime-impl-bom:pom:4.1.5. This may take a while...
2020-09-29 09:34:06,634 [main] INFO  org.mule.maven.client.internal.AetherMavenClient - About to fetch required dependencies for artifact: org.mule.distributions:mule-module-embedded-impl-bom:pom:4.1.5. This may take a while...
2020-09-29 09:34:06,820 [main] INFO  org.mule.maven.client.internal.AetherMavenClient - About to fetch required dependencies for artifact: com.mulesoft.mule.distributions:mule-runtime-impl-bom:pom:4.1.5. This may take a while...
2020-09-29 09:34:12,288 [main] INFO  org.mule.munit.remote.coverage.CoverageManager - Starting coverage server
2020-09-29 09:34:12,289 [pool-4-thread-1] INFO  org.mule.munit.plugins.coverage.server.CoverageServer - Coverage Server starting...
2020-09-29 09:34:12,289 [pool-4-thread-1] INFO  org.mule.munit.plugins.coverage.server.CoverageServer - Waiting for coverage client connection in port [50250]...
2020-09-29 09:34:21,408 [pool-4-thread-1] INFO  org.mule.munit.plugins.coverage.server.CoverageServer - Coverage client connection received from localhost - true
2020-09-29 09:34:21,410 [pool-4-thread-1] INFO  org.mule.munit.plugins.coverage.server.CoverageServer - Coverage client connection received from localhost - true
2020-09-29 09:34:21,415 [pool-6-thread-1] INFO  org.mule.munit.remote.coverage.CoverageManager - accumulating covered locations
2020-09-29 09:34:21,415 [pool-7-thread-1] INFO  org.mule.munit.remote.coverage.CoverageManager - accumulating covered locations
2020-09-29 09:34:23,451 [main] INFO  org.mule.munit.remote.coverage.CoverageManager - Shutting down coverage server
2020-09-29 09:34:23,452 [pool-4-thread-1] ERROR org.mule.munit.plugins.coverage.server.CoverageServer - Failed to start Coverage Server in port 50250
2020-09-29 09:34:23,452 [main] INFO  org.mule.munit.remote.coverage.CoverageManager - Calculating application coverage
2020-09-29 09:34:23,464 [main] INFO  org.mule.munit.remote.RemoteRunner - Done
2020-09-29 09:54:00,525 [main] INFO  org.mule.munit.remote.RemoteRunner - Run Started
2020-09-29 09:54:00,923 [main] INFO  org.mule.maven.client.internal.AetherMavenClient - About to fetch required dependencies for artifact: com.mulesoft.mule.distributions:mule-runtime-impl-bom:pom:4.1.5. This may take a while...
2020-09-29 09:54:01,852 [main] INFO  org.mule.maven.client.internal.AetherMavenClient - About to fetch required dependencies for artifact: org.mule.distributions:mule-module-embedded-impl-bom:pom:4.1.5. This may take a while...
2020-09-29 09:54:02,028 [main] INFO  org.mule.maven.client.internal.AetherMavenClient - About to fetch required dependencies for artifact: com.mulesoft.mule.distributions:mule-runtime-impl-bom:pom:4.1.5. This may take a while...
2020-09-29 09:54:07,523 [main] INFO  org.mule.munit.remote.coverage.CoverageManager - Starting coverage server
2020-09-29 09:54:07,524 [pool-4-thread-1] INFO  org.mule.munit.plugins.coverage.server.CoverageServer - Coverage Server starting...
2020-09-29 09:54:07,524 [pool-4-thread-1] INFO  org.mule.munit.plugins.coverage.server.CoverageServer - Waiting for coverage client connection in port [50118]...
2020-09-29 09:54:16,630 [pool-4-thread-1] INFO  org.mule.munit.plugins.coverage.server.CoverageServer - Coverage client connection received from localhost - true
2020-09-29 09:54:16,632 [pool-4-thread-1] INFO  org.mule.munit.plugins.coverage.server.CoverageServer - Coverage client connection received from localhost - true
2020-09-29 09:54:16,637 [pool-7-thread-1] INFO  org.mule.munit.remote.coverage.CoverageManager - accumulating covered locations
2020-09-29 09:54:16,637 [pool-6-thread-1] INFO  org.mule.munit.remote.coverage.CoverageManager - accumulating covered locations
2020-09-29 09:54:18,635 [main] INFO  org.mule.munit.remote.coverage.CoverageManager - Shutting down coverage server
2020-09-29 09:54:18,636 [pool-4-thread-1] ERROR org.mule.munit.plugins.coverage.server.CoverageServer - Failed to start Coverage Server in port 50118
2020-09-29 09:54:18,636 [main] INFO  org.mule.munit.remote.coverage.CoverageManager - Calculating application coverage
2020-09-29 09:54:18,649 [main] INFO  org.mule.munit.remote.RemoteRunner - Done
2020-09-29 09:56:13,779 [main] INFO  org.mule.munit.remote.RemoteRunner - Run Started
2020-09-29 09:56:14,206 [main] INFO  org.mule.maven.client.internal.AetherMavenClient - About to fetch required dependencies for artifact: com.mulesoft.mule.distributions:mule-runtime-impl-bom:pom:4.1.5. This may take a while...
2020-09-29 09:56:14,968 [main] INFO  org.mule.maven.client.internal.AetherMavenClient - About to fetch required dependencies for artifact: org.mule.distributions:mule-module-embedded-impl-bom:pom:4.1.5. This may take a while...
2020-09-29 09:56:15,120 [main] INFO  org.mule.maven.client.internal.AetherMavenClient - About to fetch required dependencies for artifact: com.mulesoft.mule.distributions:mule-runtime-impl-bom:pom:4.1.5. This may take a while...
2020-09-29 09:56:19,849 [main] INFO  org.mule.munit.remote.coverage.CoverageManager - Starting coverage server
2020-09-29 09:56:19,850 [pool-4-thread-1] INFO  org.mule.munit.plugins.coverage.server.CoverageServer - Coverage Server starting...
2020-09-29 09:56:19,850 [pool-4-thread-1] INFO  org.mule.munit.plugins.coverage.server.CoverageServer - Waiting for coverage client connection in port [50026]...
2020-09-29 09:56:27,865 [pool-4-thread-1] INFO  org.mule.munit.plugins.coverage.server.CoverageServer - Coverage client connection received from localhost - true
2020-09-29 09:56:27,867 [pool-4-thread-1] INFO  org.mule.munit.plugins.coverage.server.CoverageServer - Coverage client connection received from localhost - true
2020-09-29 09:56:27,873 [pool-7-thread-1] INFO  org.mule.munit.remote.coverage.CoverageManager - accumulating covered locations
2020-09-29 09:56:27,873 [pool-6-thread-1] INFO  org.mule.munit.remote.coverage.CoverageManager - accumulating covered locations
2020-09-29 09:56:29,864 [main] INFO  org.mule.munit.remote.coverage.CoverageManager - Shutting down coverage server
2020-09-29 09:56:29,864 [pool-4-thread-1] ERROR org.mule.munit.plugins.coverage.server.CoverageServer - Failed to start Coverage Server in port 50026
2020-09-29 09:56:29,864 [main] INFO  org.mule.munit.remote.coverage.CoverageManager - Calculating application coverage
2020-09-29 09:56:29,876 [main] INFO  org.mule.munit.remote.RemoteRunner - Done
2020-09-29 09:58:04,280 [main] INFO  org.mule.munit.remote.RemoteRunner - Run Started
2020-09-29 09:58:04,647 [main] INFO  org.mule.maven.client.internal.AetherMavenClient - About to fetch required dependencies for artifact: com.mulesoft.mule.distributions:mule-runtime-impl-bom:pom:4.1.5. This may take a while...
2020-09-29 09:58:05,440 [main] INFO  org.mule.maven.client.internal.AetherMavenClient - About to fetch required dependencies for artifact: org.mule.distributions:mule-module-embedded-impl-bom:pom:4.1.5. This may take a while...
2020-09-29 09:58:05,619 [main] INFO  org.mule.maven.client.internal.AetherMavenClient - About to fetch required dependencies for artifact: com.mulesoft.mule.distributions:mule-runtime-impl-bom:pom:4.1.5. This may take a while...
2020-09-29 09:58:10,705 [main] INFO  org.mule.munit.remote.coverage.CoverageManager - Starting coverage server
2020-09-29 09:58:10,706 [pool-4-thread-1] INFO  org.mule.munit.plugins.coverage.server.CoverageServer - Coverage Server starting...
2020-09-29 09:58:10,706 [pool-4-thread-1] INFO  org.mule.munit.plugins.coverage.server.CoverageServer - Waiting for coverage client connection in port [50035]...
2020-09-29 09:58:19,463 [pool-4-thread-1] INFO  org.mule.munit.plugins.coverage.server.CoverageServer - Coverage client connection received from localhost - true
2020-09-29 09:58:19,464 [pool-4-thread-1] INFO  org.mule.munit.plugins.coverage.server.CoverageServer - Coverage client connection received from localhost - true
2020-09-29 09:58:19,469 [pool-6-thread-1] INFO  org.mule.munit.remote.coverage.CoverageManager - accumulating covered locations
2020-09-29 09:58:19,469 [pool-7-thread-1] INFO  org.mule.munit.remote.coverage.CoverageManager - accumulating covered locations
2020-09-29 09:58:21,536 [main] INFO  org.mule.munit.remote.coverage.CoverageManager - Shutting down coverage server
2020-09-29 09:58:21,536 [pool-4-thread-1] ERROR org.mule.munit.plugins.coverage.server.CoverageServer - Failed to start Coverage Server in port 50035
2020-09-29 09:58:21,536 [main] INFO  org.mule.munit.remote.coverage.CoverageManager - Calculating application coverage
2020-09-29 09:58:21,550 [main] INFO  org.mule.munit.remote.RemoteRunner - Done
